<?xml version="1.0" encoding="UTF-8"?>
<!-- Generated by org.testng.reporters.JUnitXMLReporter -->
<testsuite ignored="0" hostname="DESKTOP-F7CNARN" failures="11" tests="14" name="Test" time="42.86" errors="0" timestamp="2021-03-15T17:46:47 IST">
  <testcase classname="CalculateTripCost.ValidateAll" name="calculateTripCost" time="0.047">
    <failure type="java.lang.NullPointerException" message="Cannot invoke &amp;quot;org.openqa.selenium.WebDriver.findElement(org.openqa.selenium.By)&amp;quot; because &amp;quot;CalculateTripCost.ValidateAll.driver&amp;quot; is null">
      <![CDATA[java.lang.NullPointerException: Cannot invoke "org.openqa.selenium.WebDriver.findElement(org.openqa.selenium.By)" because "CalculateTripCost.ValidateAll.driver" is null
at CalculateTripCost.ValidateAll.calculateTripCost(ValidateAll.java:101)
at java.base/java.util.ArrayList.forEach(ArrayList.java:1511)
... Removed 27 stack frames]]>
    </failure>
  </testcase> <!-- calculateTripCost -->
  <testcase classname="CalculateTripCost.ValidateAll" name="displayAllHotels" time="0.002">
    <failure type="java.lang.NullPointerException" message="Cannot invoke &amp;quot;org.openqa.selenium.WebDriver.findElements(org.openqa.selenium.By)&amp;quot; because &amp;quot;CalculateTripCost.ValidateAll.driver&amp;quot; is null">
      <![CDATA[java.lang.NullPointerException: Cannot invoke "org.openqa.selenium.WebDriver.findElements(org.openqa.selenium.By)" because "CalculateTripCost.ValidateAll.driver" is null
at CalculateTripCost.ValidateAll.displayAllHotels(ValidateAll.java:112)
at java.base/java.util.ArrayList.forEach(ArrayList.java:1511)
... Removed 27 stack frames]]>
    </failure>
  </testcase> <!-- displayAllHotels -->
  <testcase classname="CalculateTripCost.ValidateAll" name="goToHolidayHomePage" time="0.002">
    <failure type="java.lang.NullPointerException" message="Cannot invoke &amp;quot;org.openqa.selenium.WebDriver.findElement(org.openqa.selenium.By)&amp;quot; because &amp;quot;CalculateTripCost.ValidateAll.driver&amp;quot; is null">
      <![CDATA[java.lang.NullPointerException: Cannot invoke "org.openqa.selenium.WebDriver.findElement(org.openqa.selenium.By)" because "CalculateTripCost.ValidateAll.driver" is null
at CalculateTripCost.ValidateAll.goToHolidayHomePage(ValidateAll.java:66)
at java.base/java.util.ArrayList.forEach(ArrayList.java:1511)
... Removed 27 stack frames]]>
    </failure>
  </testcase> <!-- goToHolidayHomePage -->
  <testcase classname="CalculateTripCost.ValidateAll" name="pickCruiseLine" time="0.009">
    <failure type="java.lang.NullPointerException" message="Cannot invoke &amp;quot;org.openqa.selenium.WebDriver.findElement(org.openqa.selenium.By)&amp;quot; because &amp;quot;CalculateTripCost.ValidateAll.driver&amp;quot; is null">
      <![CDATA[java.lang.NullPointerException: Cannot invoke "org.openqa.selenium.WebDriver.findElement(org.openqa.selenium.By)" because "CalculateTripCost.ValidateAll.driver" is null
at CalculateTripCost.ValidateAll.pickCruiseLine(ValidateAll.java:162)
at java.base/java.util.ArrayList.forEach(ArrayList.java:1511)
... Removed 27 stack frames]]>
    </failure>
  </testcase> <!-- pickCruiseLine -->
  <testcase classname="CalculateTripCost.ValidateAll" name="screenMaximize" time="0.004">
    <failure type="java.lang.NullPointerException" message="Cannot invoke &amp;quot;org.openqa.selenium.WebDriver.manage()&amp;quot; because &amp;quot;CalculateTripCost.ValidateAll.driver&amp;quot; is null">
      <![CDATA[java.lang.NullPointerException: Cannot invoke "org.openqa.selenium.WebDriver.manage()" because "CalculateTripCost.ValidateAll.driver" is null
at CalculateTripCost.ValidateAll.screenMaximize(ValidateAll.java:59)
at java.base/java.util.ArrayList.forEach(ArrayList.java:1511)
... Removed 27 stack frames]]>
    </failure>
  </testcase> <!-- screenMaximize -->
  <testcase classname="CalculateTripCost.ValidateAll" name="selectCruiseLineAndShip" time="0.003">
    <failure type="java.lang.NullPointerException" message="Cannot invoke &amp;quot;org.openqa.selenium.WebDriver.findElement(org.openqa.selenium.By)&amp;quot; because &amp;quot;CalculateTripCost.ValidateAll.driver&amp;quot; is null">
      <![CDATA[java.lang.NullPointerException: Cannot invoke "org.openqa.selenium.WebDriver.findElement(org.openqa.selenium.By)" because "CalculateTripCost.ValidateAll.driver" is null
at CalculateTripCost.ValidateAll.selectCruiseLineAndShip(ValidateAll.java:175)
at java.base/java.util.ArrayList.forEach(ArrayList.java:1511)
... Removed 27 stack frames]]>
    </failure>
  </testcase> <!-- selectCruiseLineAndShip -->
  <testcase classname="CalculateTripCost.ValidateAll" name="sortByHighRating" time="0.003">
    <failure type="java.lang.NullPointerException" message="Cannot invoke &amp;quot;org.openqa.selenium.WebDriver.findElement(org.openqa.selenium.By)&amp;quot; because &amp;quot;CalculateTripCost.ValidateAll.driver&amp;quot; is null">
      <![CDATA[java.lang.NullPointerException: Cannot invoke "org.openqa.selenium.WebDriver.findElement(org.openqa.selenium.By)" because "CalculateTripCost.ValidateAll.driver" is null
at CalculateTripCost.ValidateAll.sortByHighRating(ValidateAll.java:92)
at java.base/java.util.ArrayList.forEach(ArrayList.java:1511)
... Removed 27 stack frames]]>
    </failure>
  </testcase> <!-- sortByHighRating -->
  <testcase classname="CalculateTripCost.ValidateAll" name="validateNirobiPage" time="0.004">
    <failure type="java.lang.NullPointerException" message="Cannot invoke &amp;quot;org.openqa.selenium.WebDriver.getTitle()&amp;quot; because &amp;quot;CalculateTripCost.ValidateAll.driver&amp;quot; is null">
      <![CDATA[java.lang.NullPointerException: Cannot invoke "org.openqa.selenium.WebDriver.getTitle()" because "CalculateTripCost.ValidateAll.driver" is null
at CalculateTripCost.ValidateAll.validateNirobiPage(ValidateAll.java:79)
at java.base/java.util.ArrayList.forEach(ArrayList.java:1511)
... Removed 27 stack frames]]>
    </failure>
  </testcase> <!-- validateNirobiPage -->
  <testcase classname="CalculateTripCost.ValidateAll" name="validateToOpenWebsite" time="19.461"/>
  <testcase classname="CalculateTripCostTest" name="calculateTripCost" time="0.002">
    <failure type="java.lang.NullPointerException" message="Cannot invoke &amp;quot;org.openqa.selenium.WebDriver.findElement(org.openqa.selenium.By)&amp;quot; because &amp;quot;CalculateTripCostTest.driver&amp;quot; is null">
      <![CDATA[java.lang.NullPointerException: Cannot invoke "org.openqa.selenium.WebDriver.findElement(org.openqa.selenium.By)" because "CalculateTripCostTest.driver" is null
at CalculateTripCostTest.calculateTripCost(CalculateTripCostTest.java:60)
at java.base/java.util.ArrayList.forEach(ArrayList.java:1511)
... Removed 27 stack frames]]>
    </failure>
  </testcase> <!-- calculateTripCost -->
  <testcase classname="CalculateTripCostTest" name="displayAllHotels" time="0.002">
    <failure type="java.lang.NullPointerException" message="Cannot invoke &amp;quot;org.openqa.selenium.WebDriver.findElements(org.openqa.selenium.By)&amp;quot; because &amp;quot;CalculateTripCostTest.driver&amp;quot; is null">
      <![CDATA[java.lang.NullPointerException: Cannot invoke "org.openqa.selenium.WebDriver.findElements(org.openqa.selenium.By)" because "CalculateTripCostTest.driver" is null
at CalculateTripCostTest.displayAllHotels(CalculateTripCostTest.java:69)
at java.base/java.util.ArrayList.forEach(ArrayList.java:1511)
... Removed 27 stack frames]]>
    </failure>
  </testcase> <!-- displayAllHotels -->
  <testcase classname="CalculateTripCostTest" name="f" time="0.001"/>
  <testcase classname="CalculateTripCostTest" name="goToHolidayHomePage" time="0.001">
    <failure type="java.lang.NullPointerException" message="Cannot invoke &amp;quot;org.openqa.selenium.WebDriver.findElement(org.openqa.selenium.By)&amp;quot; because &amp;quot;CalculateTripCostTest.driver&amp;quot; is null">
      <![CDATA[java.lang.NullPointerException: Cannot invoke "org.openqa.selenium.WebDriver.findElement(org.openqa.selenium.By)" because "CalculateTripCostTest.driver" is null
at CalculateTripCostTest.goToHolidayHomePage(CalculateTripCostTest.java:49)
at java.base/java.util.ArrayList.forEach(ArrayList.java:1511)
... Removed 27 stack frames]]>
    </failure>
  </testcase> <!-- goToHolidayHomePage -->
  <testcase classname="CalculateTripCostTest" name="validateToOpenWebsite" time="22.416"/>
</testsuite> <!-- Test -->
